<?xml version="1.0" encoding="UTF-8"?>
<!-- Generated by org.testng.reporters.JUnitReportReporter -->
<testsuite hostname="Asus" failures="0" tests="1" name="org.example.YouTubeHomePageTest" time="23.131" errors="0" timestamp="2023-04-28T16:04:41 IST" skipped="0">
  <testcase classname="org.example.YouTubeHomePageTest" name="testSignIn" time="23.131"/>
  <system-out/>
</testsuite> <!-- org.example.YouTubeHomePageTest -->
